<?xml version="1.0" encoding="UTF-8"?>
<!-- Generated by org.testng.reporters.JUnitXMLReporter -->
<testsuite hostname="DESKTOP-CN3CBMR" ignored="0" name="Regression1" tests="3" failures="1" timestamp="04 Dec 2021 02:47:40 GMT" time="125.884" errors="0">
  <testcase name="laptoptest" time="23.519" classname="pack1.ExampleTest"/>
  <testcase name="spktest" time="22.297" classname="pack1.ExampleTest">
    <failure type="java.lang.AssertionError" message="expected [true] but found [false]">
      <![CDATA[java.lang.AssertionError: expected [true] but found [false]
at pack1.ExampleTest.spktest(ExampleTest.java:119)
... Removed 32 stack frames]]>
    </failure>
  </testcase> <!-- spktest -->
  <testcase name="tablettest" time="22.374" classname="pack1.ExampleTest"/>
</testsuite> <!-- Regression1 -->
