<?xml version="1.0" encoding="UTF-8"?>
<testng-results skipped="0" failed="1" ignored="0" total="3" passed="2">
  <reporter-output>
  </reporter-output>
  <suite name="Suite1" duration-ms="125884" started-at="2021-12-04T02:45:34Z" finished-at="2021-12-04T02:47:40Z">
    <groups>
    </groups>
    <test name="Regression1" duration-ms="125884" started-at="2021-12-04T02:45:34Z" finished-at="2021-12-04T02:47:40Z">
      <class name="pack1.ExampleTest">
        <test-method status="PASS" signature="openbrowser()[pri:0, instance:pack1.ExampleTest@60f82f98]" name="openbrowser" is-config="true" duration-ms="17258" started-at="2021-12-04T02:45:34Z" finished-at="2021-12-04T02:45:51Z">
          <reporter-output>
          </reporter-output>
        </test-method> <!-- openbrowser -->
        <test-method status="PASS" signature="laptoptest()[pri:0, instance:pack1.ExampleTest@60f82f98]" name="laptoptest" duration-ms="23519" started-at="2021-12-04T02:45:51Z" finished-at="2021-12-04T02:46:15Z">
          <reporter-output>
          </reporter-output>
        </test-method> <!-- laptoptest -->
        <test-method status="PASS" signature="closebrowserr()[pri:0, instance:pack1.ExampleTest@60f82f98]" name="closebrowserr" is-config="true" duration-ms="1402" started-at="2021-12-04T02:46:15Z" finished-at="2021-12-04T02:46:16Z">
          <reporter-output>
          </reporter-output>
        </test-method> <!-- closebrowserr -->
        <test-method status="PASS" signature="openbrowser()[pri:0, instance:pack1.ExampleTest@60f82f98]" name="openbrowser" is-config="true" duration-ms="13048" started-at="2021-12-04T02:46:16Z" finished-at="2021-12-04T02:46:29Z">
          <reporter-output>
          </reporter-output>
        </test-method> <!-- openbrowser -->
        <test-method status="FAIL" signature="spktest()[pri:0, instance:pack1.ExampleTest@60f82f98]" name="spktest" duration-ms="22297" started-at="2021-12-04T02:46:29Z" finished-at="2021-12-04T02:46:52Z">
          <exception class="java.lang.AssertionError">
            <message>
              <![CDATA[expected [true] but found [false]]]>
            </message>
            <full-stacktrace>
              <![CDATA[java.lang.AssertionError: expected [true] but found [false]
at org.testng.Assert.fail(Assert.java:96)
at org.testng.Assert.failNotEquals(Assert.java:776)
at org.testng.Assert.assertTrue(Assert.java:44)
at org.testng.Assert.assertTrue(Assert.java:54)
at pack1.ExampleTest.spktest(ExampleTest.java:119)
at sun.reflect.NativeMethodAccessorImpl.invoke0(Native Method)
at sun.reflect.NativeMethodAccessorImpl.invoke(NativeMethodAccessorImpl.java:62)
at sun.reflect.DelegatingMethodAccessorImpl.invoke(DelegatingMethodAccessorImpl.java:43)
at java.lang.reflect.Method.invoke(Method.java:498)
at org.testng.internal.MethodInvocationHelper.invokeMethod(MethodInvocationHelper.java:124)
at org.testng.internal.Invoker.invokeMethod(Invoker.java:583)
at org.testng.internal.Invoker.invokeTestMethod(Invoker.java:719)
at org.testng.internal.Invoker.invokeTestMethods(Invoker.java:989)
at org.testng.internal.TestMethodWorker.invokeTestMethods(TestMethodWorker.java:125)
at org.testng.internal.TestMethodWorker.run(TestMethodWorker.java:109)
at org.testng.TestRunner.privateRun(TestRunner.java:648)
at org.testng.TestRunner.run(TestRunner.java:505)
at org.testng.SuiteRunner.runTest(SuiteRunner.java:455)
at org.testng.SuiteRunner.runSequentially(SuiteRunner.java:450)
at org.testng.SuiteRunner.privateRun(SuiteRunner.java:415)
at org.testng.SuiteRunner.run(SuiteRunner.java:364)
at org.testng.SuiteRunnerWorker.runSuite(SuiteRunnerWorker.java:52)
at org.testng.SuiteRunnerWorker.run(SuiteRunnerWorker.java:84)
at org.testng.TestNG.runSuitesSequentially(TestNG.java:1208)
at org.testng.TestNG.runSuitesLocally(TestNG.java:1137)
at org.testng.TestNG.runSuites(TestNG.java:1049)
at org.testng.TestNG.run(TestNG.java:1017)
at org.apache.maven.surefire.testng.TestNGExecutor.run(TestNGExecutor.java:295)
at org.apache.maven.surefire.testng.TestNGXmlTestSuite.execute(TestNGXmlTestSuite.java:84)
at org.apache.maven.surefire.testng.TestNGProvider.invoke(TestNGProvider.java:90)
at org.apache.maven.surefire.booter.ForkedBooter.invokeProviderInSameClassLoader(ForkedBooter.java:203)
at org.apache.maven.surefire.booter.ForkedBooter.runSuitesInProcess(ForkedBooter.java:155)
at org.apache.maven.surefire.booter.ForkedBooter.main(ForkedBooter.java:103)
]]>
            </full-stacktrace>
          </exception> <!-- java.lang.AssertionError -->
          <reporter-output>
          </reporter-output>
        </test-method> <!-- spktest -->
        <test-method status="PASS" signature="closebrowserr()[pri:0, instance:pack1.ExampleTest@60f82f98]" name="closebrowserr" is-config="true" duration-ms="1343" started-at="2021-12-04T02:46:52Z" finished-at="2021-12-04T02:46:53Z">
          <reporter-output>
          </reporter-output>
        </test-method> <!-- closebrowserr -->
        <test-method status="PASS" signature="openbrowser()[pri:0, instance:pack1.ExampleTest@60f82f98]" name="openbrowser" is-config="true" duration-ms="23098" started-at="2021-12-04T02:46:53Z" finished-at="2021-12-04T02:47:16Z">
          <reporter-output>
          </reporter-output>
        </test-method> <!-- openbrowser -->
        <test-method status="PASS" signature="tablettest()[pri:0, instance:pack1.ExampleTest@60f82f98]" name="tablettest" duration-ms="22374" started-at="2021-12-04T02:47:16Z" finished-at="2021-12-04T02:47:38Z">
          <reporter-output>
          </reporter-output>
        </test-method> <!-- tablettest -->
        <test-method status="PASS" signature="closebrowserr()[pri:0, instance:pack1.ExampleTest@60f82f98]" name="closebrowserr" is-config="true" duration-ms="1393" started-at="2021-12-04T02:47:38Z" finished-at="2021-12-04T02:47:40Z">
          <reporter-output>
          </reporter-output>
        </test-method> <!-- closebrowserr -->
      </class> <!-- pack1.ExampleTest -->
    </test> <!-- Regression1 -->
  </suite> <!-- Suite1 -->
</testng-results>
