<?xml version="1.0" encoding="UTF-8"?>
<testng-results skipped="0" failed="1" ignored="0" total="3" passed="2">
  <reporter-output>
  </reporter-output>
  <suite name="Default suite" duration-ms="129009" started-at="2021-12-04T02:12:27Z" finished-at="2021-12-04T02:14:36Z">
    <groups>
    </groups>
    <test name="Default test" duration-ms="129009" started-at="2021-12-04T02:12:27Z" finished-at="2021-12-04T02:14:36Z">
      <class name="pack1.ExampleTest">
        <test-method status="PASS" signature="openbrowser()[pri:0, instance:pack1.ExampleTest@3abbfa04]" name="openbrowser" is-config="true" duration-ms="22618" started-at="2021-12-04T02:12:27Z" finished-at="2021-12-04T02:12:49Z">
          <reporter-output>
          </reporter-output>
        </test-method> <!-- openbrowser -->
        <test-method status="PASS" signature="laptoptest()[pri:0, instance:pack1.ExampleTest@3abbfa04]" name="laptoptest" duration-ms="23690" started-at="2021-12-04T02:12:49Z" finished-at="2021-12-04T02:13:13Z">
          <reporter-output>
          </reporter-output>
        </test-method> <!-- laptoptest -->
        <test-method status="PASS" signature="closebrowserr()[pri:0, instance:pack1.ExampleTest@3abbfa04]" name="closebrowserr" is-config="true" duration-ms="1332" started-at="2021-12-04T02:13:13Z" finished-at="2021-12-04T02:13:14Z">
          <reporter-output>
          </reporter-output>
        </test-method> <!-- closebrowserr -->
        <test-method status="PASS" signature="openbrowser()[pri:0, instance:pack1.ExampleTest@3abbfa04]" name="openbrowser" is-config="true" duration-ms="21987" started-at="2021-12-04T02:13:14Z" finished-at="2021-12-04T02:13:36Z">
          <reporter-output>
          </reporter-output>
        </test-method> <!-- openbrowser -->
        <test-method status="FAIL" signature="spktest()[pri:0, instance:pack1.ExampleTest@3abbfa04]" name="spktest" duration-ms="22374" started-at="2021-12-04T02:13:36Z" finished-at="2021-12-04T02:13:59Z">
          <exception class="java.lang.AssertionError">
            <message>
              <![CDATA[expected [true] but found [false]]]>
            </message>
            <full-stacktrace>
              <![CDATA[java.lang.AssertionError: expected [true] but found [false]
at org.testng.Assert.fail(Assert.java:96)
at org.testng.Assert.failNotEquals(Assert.java:776)
at org.testng.Assert.assertTrue(Assert.java:44)
at org.testng.Assert.assertTrue(Assert.java:54)
at pack1.ExampleTest.spktest(ExampleTest.java:119)
at sun.reflect.NativeMethodAccessorImpl.invoke0(Native Method)
at sun.reflect.NativeMethodAccessorImpl.invoke(NativeMethodAccessorImpl.java:62)
at sun.reflect.DelegatingMethodAccessorImpl.invoke(DelegatingMethodAccessorImpl.java:43)
at java.lang.reflect.Method.invoke(Method.java:498)
at org.testng.internal.MethodInvocationHelper.invokeMethod(MethodInvocationHelper.java:124)
at org.testng.internal.Invoker.invokeMethod(Invoker.java:583)
at org.testng.internal.Invoker.invokeTestMethod(Invoker.java:719)
at org.testng.internal.Invoker.invokeTestMethods(Invoker.java:989)
at org.testng.internal.TestMethodWorker.invokeTestMethods(TestMethodWorker.java:125)
at org.testng.internal.TestMethodWorker.run(TestMethodWorker.java:109)
at org.testng.TestRunner.privateRun(TestRunner.java:648)
at org.testng.TestRunner.run(TestRunner.java:505)
at org.testng.SuiteRunner.runTest(SuiteRunner.java:455)
at org.testng.SuiteRunner.runSequentially(SuiteRunner.java:450)
at org.testng.SuiteRunner.privateRun(SuiteRunner.java:415)
at org.testng.SuiteRunner.run(SuiteRunner.java:364)
at org.testng.SuiteRunnerWorker.runSuite(SuiteRunnerWorker.java:52)
at org.testng.SuiteRunnerWorker.run(SuiteRunnerWorker.java:84)
at org.testng.TestNG.runSuitesSequentially(TestNG.java:1208)
at org.testng.TestNG.runSuitesLocally(TestNG.java:1137)
at org.testng.TestNG.runSuites(TestNG.java:1049)
at org.testng.TestNG.run(TestNG.java:1017)
at org.testng.remote.AbstractRemoteTestNG.run(AbstractRemoteTestNG.java:114)
at org.testng.remote.RemoteTestNG.initAndRun(RemoteTestNG.java:251)
at org.testng.remote.RemoteTestNG.main(RemoteTestNG.java:77)
]]>
            </full-stacktrace>
          </exception> <!-- java.lang.AssertionError -->
          <reporter-output>
          </reporter-output>
        </test-method> <!-- spktest -->
        <test-method status="PASS" signature="closebrowserr()[pri:0, instance:pack1.ExampleTest@3abbfa04]" name="closebrowserr" is-config="true" duration-ms="1986" started-at="2021-12-04T02:13:59Z" finished-at="2021-12-04T02:14:01Z">
          <reporter-output>
          </reporter-output>
        </test-method> <!-- closebrowserr -->
        <test-method status="PASS" signature="openbrowser()[pri:0, instance:pack1.ExampleTest@3abbfa04]" name="openbrowser" is-config="true" duration-ms="11169" started-at="2021-12-04T02:14:01Z" finished-at="2021-12-04T02:14:12Z">
          <reporter-output>
          </reporter-output>
        </test-method> <!-- openbrowser -->
        <test-method status="PASS" signature="tablettest()[pri:0, instance:pack1.ExampleTest@3abbfa04]" name="tablettest" duration-ms="22349" started-at="2021-12-04T02:14:12Z" finished-at="2021-12-04T02:14:34Z">
          <reporter-output>
          </reporter-output>
        </test-method> <!-- tablettest -->
        <test-method status="PASS" signature="closebrowserr()[pri:0, instance:pack1.ExampleTest@3abbfa04]" name="closebrowserr" is-config="true" duration-ms="1454" started-at="2021-12-04T02:14:34Z" finished-at="2021-12-04T02:14:36Z">
          <reporter-output>
          </reporter-output>
        </test-method> <!-- closebrowserr -->
      </class> <!-- pack1.ExampleTest -->
    </test> <!-- Default test -->
  </suite> <!-- Default suite -->
</testng-results>
